============================================================
  Generated by:           Genus(TM) Synthesis Solution 22.16-s078_1
  Generated on:           Mar 24 2026  06:55:15 pm
  Module:                 can_btu_top
  Operating conditions:   PVT_0P9V_125C (balanced_tree)
  Wireload mode:          enclosed
  Area mode:              timing library
============================================================

Timing
--------

Clock  Period 
--------------
clock 10000.0 


  Cost    Critical         Violating 
 Group   Path Slack  TNS     Paths   
-------------------------------------
clock        5204.9   0.0          0 
default    No paths   0.0            
-------------------------------------
Total                 0.0          0 

Instance Count
--------------
Leaf Instance Count             325 
Physical Instance count           0 
Sequential Instance Count        34 
Combinational Instance Count    291 
Hierarchical Instance Count       0 

Area
----
Cell Area                          702.468
Physical Cell Area                 0.000
Total Cell Area (Cell+Physical)    702.468
Net Area                           0.000
Total Area (Cell+Physical+Net)     702.468

Power
-----
Leakage Power                      10.281 nW
Dynamic Power                      17976.342 nW
Total Power                        17986.624 nW

Max Fanout                         34 (clk)
Min Fanout                         0 (n_7)
Average Fanout                     2.2
Terms to net ratio                 3.2938
Terms to instance ratio            3.7600
Runtime                            29.123746000000004 seconds
Elapsed Runtime                    103 seconds
Genus peak memory usage            1945.00 
Innovus peak memory usage          no_value 
Hostname                           saitama
