============================================================
  Generated by:           Genus(TM) Synthesis Solution 22.16-s078_1
  Generated on:           Mar 24 2026  06:55:15 pm
  Module:                 can_btu_top
  Operating conditions:   PVT_0P9V_125C (balanced_tree)
  Wireload mode:          enclosed
  Area mode:              timing library
============================================================


Path 1: MET (5205 ps) Setup Check with Pin phase_seg1_adj_reg[2]/CK->D
          Group: clock
     Startpoint: (R) tq_counter_reg[1]/CK
          Clock: (R) clock
       Endpoint: (F) phase_seg1_adj_reg[2]/D
          Clock: (R) clock

                     Capture       Launch     
        Clock Edge:+   10000            0     
       Src Latency:+       0            0     
       Net Latency:+    1000 (I)     1000 (I) 
           Arrival:=   11000         1000     
                                              
             Setup:-     207                  
       Uncertainty:-    2000                  
     Required Time:=    8793                  
      Launch Clock:-    1000                  
         Data Path:-    2588                  
             Slack:=    5205                  

#-------------------------------------------------------------------------------------------------
#      Timing Point       Flags    Arc   Edge   Cell     Fanout Load Trans Delay Arrival Instance 
#                                                               (fF)  (ps)  (ps)   (ps)  Location 
#-------------------------------------------------------------------------------------------------
  tq_counter_reg[1]/CK    -       -      R     (arrival)     34    -     0     0    1000    (-,-) 
  tq_counter_reg[1]/Q     -       CK->Q  F     DFFRX1        11  2.0    63   231    1231    (-,-) 
  g19575__2883/Y          -       A->Y   R     NOR2XL         4  0.8    90    99    1330    (-,-) 
  g19540__2802/Y          -       B->Y   F     NAND2XL        1  0.2    62    95    1425    (-,-) 
  g19455__5115/Y          -       C0->Y  R     OAI211XL       1  0.2    74    55    1481    (-,-) 
  g19447__3680/Y          -       B0->Y  F     AOI21XL        1  0.2    77    67    1547    (-,-) 
  g19442__5477/Y          -       D->Y   F     OR4X1         11  2.2    89   256    1803    (-,-) 
  g19438/Y                -       A->Y   R     INVXL         11  2.2   101   107    1910    (-,-) 
  g19414__6260/Y          -       A1->Y  F     OAI221XL       1  0.4   196   224    2134    (-,-) 
  g19404__4733/Y          -       B->Y   F     XOR2XL         2  0.4    34   170    2304    (-,-) 
  g19397__1705/Y          -       B->Y   R     NAND2XL        1  0.2    32    36    2340    (-,-) 
  g19372__2398/Y          -       C0->Y  F     OAI211XL       1  0.2   138   126    2466    (-,-) 
  g19368__4733/Y          -       C0->Y  R     AOI211XL       3  0.6   135   160    2625    (-,-) 
  g19357__7098/Y          -       B->Y   F     NAND2XL        1  0.2    64   121    2746    (-,-) 
  g19350__2802/Y          -       B0->Y  R     OAI21XL        4  0.8   109    66    2812    (-,-) 
  g19334__4319/Y          -       B->Y   F     NOR2XL         1  0.2    40    90    2902    (-,-) 
  g19322__2883/Y          -       B1->Y  R     OAI32XL        1  0.6   199    75    2977    (-,-) 
  g19302__1881/CO         -       CI->CO R     ADDFX1         3  0.6    40   268    3245    (-,-) 
  g19297__6131/Y          -       B->Y   F     NAND2XL        1  0.2    60    65    3310    (-,-) 
  g19294__1705/Y          -       B0->Y  R     OAI21XL        2  0.4    74    55    3365    (-,-) 
  g19281__4319/Y          -       B1->Y  F     OAI222XL       1  0.2   208   222    3588    (-,-) 
  phase_seg1_adj_reg[2]/D <<<     -      F     DFFSRXL        1    -     -     0    3588    (-,-) 
#-------------------------------------------------------------------------------------------------

