============================================================
  Generated by:           Genus(TM) Synthesis Solution 22.16-s078_1
  Generated on:           Mar 11 2026  08:18:09 pm
  Module:                 can_btu_top
  Operating conditions:   PVT_0P9V_125C (balanced_tree)
  Wireload mode:          enclosed
  Area mode:              timing library
============================================================


Path 1: MET (5084 ps) Setup Check with Pin tq_counter_reg[3]/CK->D
          Group: clock
     Startpoint: (R) phase_seg1_adj_reg[0]/CK
          Clock: (R) clock
       Endpoint: (R) tq_counter_reg[3]/D
          Clock: (R) clock

                     Capture       Launch     
        Clock Edge:+   10000            0     
       Src Latency:+       0            0     
       Net Latency:+    1000 (I)     1000 (I) 
           Arrival:=   11000         1000     
                                              
             Setup:-     136                  
       Uncertainty:-    2000                  
     Required Time:=    8864                  
      Launch Clock:-    1000                  
         Data Path:-    2780                  
             Slack:=    5084                  

#--------------------------------------------------------------------------------------------------
#      Timing Point        Flags    Arc   Edge   Cell     Fanout Load Trans Delay Arrival Instance 
#                                                                (fF)  (ps)  (ps)   (ps)  Location 
#--------------------------------------------------------------------------------------------------
  phase_seg1_adj_reg[0]/CK -       -      R     (arrival)     34    -     0     0    1000    (-,-) 
  phase_seg1_adj_reg[0]/Q  -       CK->Q  R     DFFSRXL        3  0.6    32   212    1212    (-,-) 
  g21449__2398/Y           -       B->Y   F     NAND2XL        2  0.4    78    72    1283    (-,-) 
  g21437/Y                 -       A->Y   R     INVXL          1  0.6    41    68    1351    (-,-) 
  g21395__7410/CO          -       CI->CO R     ADDFX1         2  0.6    39   187    1538    (-,-) 
  g21384__1881/Y           -       B->Y   F     XNOR2XL        2  0.4    34   123    1661    (-,-) 
  g21378__2398/Y           -       B->Y   R     NAND2XL        1  0.2    32    36    1697    (-,-) 
  g21375__9315/Y           -       B0->Y  F     OAI21XL        4  0.8   134   113    1810    (-,-) 
  g21364__4319/Y           -       B->Y   R     NOR2XL         1  0.2    50   104    1914    (-,-) 
  g21325__8246/Y           -       B1->Y  F     OAI22XL        2  1.0   179   140    2054    (-,-) 
  g21315__8428/Y           -       B->Y   R     NAND2XL        1  0.6    72   133    2187    (-,-) 
  g21283__1881/CO          -       CI->CO R     ADDFX1         1  0.6    39   203    2390    (-,-) 
  g21246__7482/S           -       CI->S  R     ADDFX1         2  0.4    38   257    2647    (-,-) 
  g21245/Y                 -       A->Y   F     INVXL          1  0.2    25    40    2687    (-,-) 
  g21220__5526/Y           -       A0->Y  R     OAI31XL        1  0.2    93   115    2802    (-,-) 
  g21211__7410/Y           -       B0->Y  F     OAI21XL        1  0.2    78   116    2918    (-,-) 
  g21206__4733/Y           -       B0->Y  R     OAI31XL        1  0.2    92    63    2981    (-,-) 
  g21201__5122/Y           -       C->Y   F     NAND3BXL       3  0.6   170   160    3141    (-,-) 
  g21198/Y                 -       A->Y   R     INVXL          3  0.6    56   124    3265    (-,-) 
  g21194__5107/Y           -       B->Y   F     NAND2XL        3  0.6    98    97    3362    (-,-) 
  g21189__2883/Y           -       B->Y   R     NOR2XL         3  0.6    77   102    3463    (-,-) 
  g21173__8246/Y           -       A2->Y  F     AOI32XL        1  0.2   194   187    3650    (-,-) 
  g21172/Y                 -       A->Y   R     INVXL          1  0.2    45   130    3780    (-,-) 
  tq_counter_reg[3]/D      <<<     -      R     DFFRX1         1    -     -     0    3780    (-,-) 
#--------------------------------------------------------------------------------------------------

