============================================================
  Generated by:           Genus(TM) Synthesis Solution 22.16-s078_1
  Generated on:           Mar 24 2026  06:55:15 pm
  Module:                 can_btu_top
  Operating conditions:   PVT_0P9V_125C (balanced_tree)
  Wireload mode:          enclosed
  Area mode:              timing library
============================================================

                             
  Gate    Instances   Area       Library    
--------------------------------------------
ADDFX1            7   35.910    slow_vdd1v0 
AND2XL            1    1.368    slow_vdd1v0 
AND3XL            1    2.052    slow_vdd1v0 
AOI211XL          6   12.312    slow_vdd1v0 
AOI21XL          26   44.460    slow_vdd1v0 
AOI22XL           8   16.416    slow_vdd1v0 
AOI31X1           1    2.052    slow_vdd1v0 
AOI32XL           1    2.736    slow_vdd1v0 
DFFRX1           27  184.680    slow_vdd1v0 
DFFSRXL           6   67.716    slow_vdd1v0 
DFFSX1            1    7.524    slow_vdd1v0 
INVXL            39   26.676    slow_vdd1v0 
MX2XL             1    2.394    slow_vdd1v0 
MXI2XL            4    9.576    slow_vdd1v0 
NAND2BXL          6    8.208    slow_vdd1v0 
NAND2XL          55   56.430    slow_vdd1v0 
NAND3BXL          2    3.420    slow_vdd1v0 
NOR2BX1           1    1.368    slow_vdd1v0 
NOR2XL           52   53.352    slow_vdd1v0 
NOR3BXL           2    4.104    slow_vdd1v0 
NOR3XL            1    1.710    slow_vdd1v0 
NOR4X1            1    1.710    slow_vdd1v0 
NOR4XL            2    4.104    slow_vdd1v0 
OA21X1            1    2.052    slow_vdd1v0 
OA22X1            1    2.394    slow_vdd1v0 
OAI211XL          7   14.364    slow_vdd1v0 
OAI21XL          27   46.170    slow_vdd1v0 
OAI221X1          1    2.394    slow_vdd1v0 
OAI221XL          2    6.156    slow_vdd1v0 
OAI222XL          5   13.680    slow_vdd1v0 
OAI22XL          16   32.832    slow_vdd1v0 
OAI32XL           3    9.234    slow_vdd1v0 
OAI33XL           1    3.078    slow_vdd1v0 
OR2XL             4    5.472    slow_vdd1v0 
OR4X1             2    4.104    slow_vdd1v0 
XNOR2X1           2    4.788    slow_vdd1v0 
XOR2XL            2    5.472    slow_vdd1v0 
--------------------------------------------
total           325  702.468                


                                        
     Type      Instances   Area  Area % 
----------------------------------------
sequential            34 259.920   37.0 
inverter              39  26.676    3.8 
logic                252 415.872   59.2 
physical_cells         0   0.000    0.0 
----------------------------------------
total                325 702.468  100.0 

