============================================================
  Generated by:           Genus(TM) Synthesis Solution 22.16-s078_1
  Generated on:           Mar 24 2026  06:55:16 pm
  Module:                 can_btu_top
  Operating conditions:   PVT_0P9V_125C (balanced_tree)
  Wireload mode:          enclosed
  Area mode:              timing library
============================================================

	Timing
	------

 Slack          Endpoint        Cost Group 
------------------------------------------------
+5205ps phase_seg1_adj_reg[2]/D clock      


	Area
	----

  Instance  Module  Cell Count  Cell Area  Net Area   Total Area   Wireload  
-----------------------------------------------------------------------------
can_btu_top                325    702.468     0.000      702.468 <none> (D)  
  (D) = wireload is default in technology library

	Design Rule Check
	-----------------

Max_transition design rule: no violations.

Max_capacitance design rule: no violations.



