============================================================
  Generated by:           Genus(TM) Synthesis Solution 22.16-s078_1
  Generated on:           Mar 11 2026  08:18:09 pm
  Module:                 can_btu_top
  Operating conditions:   PVT_0P9V_125C (balanced_tree)
  Wireload mode:          enclosed
  Area mode:              timing library
============================================================

Timing
--------

Clock  Period 
--------------
clock 10000.0 


  Cost    Critical         Violating 
 Group   Path Slack  TNS     Paths   
-------------------------------------
clock        5084.1   0.0          0 
default    No paths   0.0            
-------------------------------------
Total                 0.0          0 

Instance Count
--------------
Leaf Instance Count             318 
Physical Instance count           0 
Sequential Instance Count        34 
Combinational Instance Count    284 
Hierarchical Instance Count       0 

Area
----
Cell Area                          691.182
Physical Cell Area                 0.000
Total Cell Area (Cell+Physical)    691.182
Net Area                           0.000
Total Area (Cell+Physical+Net)     691.182

Power
-----
Leakage Power                      10.105 nW
Dynamic Power                      17869.267 nW
Total Power                        17879.372 nW

Max Fanout                         34 (clk)
Min Fanout                         0 (n_1)
Average Fanout                     2.2
Terms to net ratio                 3.3000
Terms to instance ratio            3.7358
Runtime                            27.288792 seconds
Elapsed Runtime                    32 seconds
Genus peak memory usage            1935.66 
Innovus peak memory usage          no_value 
Hostname                           saitama
