============================================================
  Generated by:           Genus(TM) Synthesis Solution 22.16-s078_1
  Generated on:           Mar 11 2026  08:18:09 pm
  Module:                 can_btu_top
  Operating conditions:   PVT_0P9V_125C (balanced_tree)
  Wireload mode:          enclosed
  Area mode:              timing library
============================================================

                             
  Gate    Instances   Area       Library    
--------------------------------------------
ADDFX1            6   30.780    slow_vdd1v0 
AND2XL            2    2.736    slow_vdd1v0 
AND4XL            1    2.394    slow_vdd1v0 
AOI211XL          3    6.156    slow_vdd1v0 
AOI21XL          18   30.780    slow_vdd1v0 
AOI222XL          1    3.420    slow_vdd1v0 
AOI22XL          19   38.988    slow_vdd1v0 
AOI32XL           1    2.736    slow_vdd1v0 
AOI33XL           2    4.788    slow_vdd1v0 
DFFRX1           27  184.680    slow_vdd1v0 
DFFSRXL           6   67.716    slow_vdd1v0 
DFFSX1            1    7.524    slow_vdd1v0 
INVXL            36   24.624    slow_vdd1v0 
MX2XL             2    4.788    slow_vdd1v0 
MXI2XL            6   14.364    slow_vdd1v0 
NAND2BXL          4    5.472    slow_vdd1v0 
NAND2XL          51   52.326    slow_vdd1v0 
NAND3BXL          5    8.550    slow_vdd1v0 
NAND3XL           2    3.420    slow_vdd1v0 
NOR2BX1           1    1.368    slow_vdd1v0 
NOR2XL           56   57.456    slow_vdd1v0 
NOR3XL            3    5.130    slow_vdd1v0 
NOR4XL            2    4.104    slow_vdd1v0 
OAI211XL          8   16.416    slow_vdd1v0 
OAI21XL          24   41.040    slow_vdd1v0 
OAI221XL          1    3.078    slow_vdd1v0 
OAI22XL          13   26.676    slow_vdd1v0 
OAI31XL           3    7.182    slow_vdd1v0 
OAI32XL           1    3.078    slow_vdd1v0 
OAI33XL           1    3.078    slow_vdd1v0 
OR2XL             4    5.472    slow_vdd1v0 
OR3XL             1    2.052    slow_vdd1v0 
XNOR2X1           1    2.394    slow_vdd1v0 
XNOR2XL           2    5.472    slow_vdd1v0 
XOR2XL            4   10.944    slow_vdd1v0 
--------------------------------------------
total           318  691.182                


                                        
     Type      Instances   Area  Area % 
----------------------------------------
sequential            34 259.920   37.6 
inverter              36  24.624    3.6 
logic                248 406.638   58.8 
physical_cells         0   0.000    0.0 
----------------------------------------
total                318 691.182  100.0 

