============================================================
  Generated by:           Genus(TM) Synthesis Solution 22.16-s078_1
  Generated on:           Mar 11 2026  08:18:09 pm
  Module:                 can_btu_top
  Operating conditions:   PVT_0P9V_125C (balanced_tree)
  Wireload mode:          enclosed
  Area mode:              timing library
============================================================

	Timing
	------

 Slack        Endpoint      Cost Group 
--------------------------------------------
+5084ps tq_counter_reg[3]/D clock      


	Area
	----

  Instance  Module  Cell Count  Cell Area  Net Area   Total Area   Wireload  
-----------------------------------------------------------------------------
can_btu_top                318    691.182     0.000      691.182 <none> (D)  
  (D) = wireload is default in technology library

	Design Rule Check
	-----------------

Max_transition design rule: no violations.

Max_capacitance design rule: no violations.



