============================================================
  Generated by:           Genus(TM) Synthesis Solution 22.16-s078_1
  Generated on:           Mar 26 2026  06:28:05 pm
  Module:                 can_btu_top
  Operating conditions:   PVT_0P9V_125C (balanced_tree)
  Wireload mode:          enclosed
  Area mode:              timing library
============================================================


Path 1: MET (5218 ps) Setup Check with Pin phase_seg1_adj_reg[2]/CK->D
          Group: clock
     Startpoint: (R) tq_counter_reg[1]/CK
          Clock: (R) clock
       Endpoint: (F) phase_seg1_adj_reg[2]/D
          Clock: (R) clock

                     Capture       Launch     
        Clock Edge:+   10000            0     
       Src Latency:+       0            0     
       Net Latency:+    1000 (I)     1000 (I) 
           Arrival:=   11000         1000     
                                              
             Setup:-     207                  
       Uncertainty:-    2000                  
     Required Time:=    8793                  
      Launch Clock:-    1000                  
         Data Path:-    2575                  
             Slack:=    5218                  

#-------------------------------------------------------------------------------------------------
#      Timing Point       Flags    Arc   Edge   Cell     Fanout Load Trans Delay Arrival Instance 
#                                                               (fF)  (ps)  (ps)   (ps)  Location 
#-------------------------------------------------------------------------------------------------
  tq_counter_reg[1]/CK    -       -      R     (arrival)     34    -     0     0    1000    (-,-) 
  tq_counter_reg[1]/Q     -       CK->Q  F     DFFRX1        12  2.2    68   234    1234    (-,-) 
  g19623__5115/Y          -       A->Y   R     NOR2XL         3  0.6    75    93    1327    (-,-) 
  g19591__8428/Y          -       B->Y   F     NAND2XL        1  0.2    61    86    1412    (-,-) 
  g19511__8246/Y          -       C0->Y  R     OAI211XL       1  0.2    74    55    1467    (-,-) 
  g19504__5526/Y          -       B0->Y  F     AOI21XL        1  0.2    77    67    1534    (-,-) 
  g19498__6417/Y          -       D->Y   F     OR4X1         11  2.2    89   256    1790    (-,-) 
  g19494/Y                -       A->Y   R     INVXL         11  2.2   101   107    1897    (-,-) 
  g19470__5107/Y          -       A1->Y  F     OAI221XL       1  0.4   196   224    2121    (-,-) 
  g19460__7482/Y          -       B->Y   F     XOR2XL         2  0.4    34   170    2291    (-,-) 
  g19454__1705/Y          -       B->Y   R     NAND2XL        1  0.2    32    36    2327    (-,-) 
  g19429__2398/Y          -       C0->Y  F     OAI211XL       1  0.2   138   126    2453    (-,-) 
  g19427__9315/Y          -       C0->Y  R     AOI211XL       3  0.6   135   160    2612    (-,-) 
  g19416__7098/Y          -       B->Y   F     NAND2XL        1  0.2    64   121    2733    (-,-) 
  g19409__1617/Y          -       B0->Y  R     OAI21XL        4  0.8   109    66    2799    (-,-) 
  g19395__8428/Y          -       B->Y   F     NOR2XL         1  0.2    40    90    2889    (-,-) 
  g19379__9945/Y          -       B1->Y  R     OAI32XL        1  0.6   199    75    2964    (-,-) 
  g19361__1881/CO         -       CI->CO R     ADDFX1         3  0.6    40   268    3232    (-,-) 
  g19356__6131/Y          -       B->Y   F     NAND2XL        1  0.2    60    65    3297    (-,-) 
  g19351__1705/Y          -       B0->Y  R     OAI21XL        2  0.4    74    55    3352    (-,-) 
  g19338__4319/Y          -       B1->Y  F     OAI222XL       1  0.2   208   222    3575    (-,-) 
  phase_seg1_adj_reg[2]/D <<<     -      F     DFFSRXL        1    -     -     0    3575    (-,-) 
#-------------------------------------------------------------------------------------------------

