============================================================
  Generated by:           Genus(TM) Synthesis Solution 22.16-s078_1
  Generated on:           Mar 26 2026  06:28:05 pm
  Module:                 can_btu_top
  Operating conditions:   PVT_0P9V_125C (balanced_tree)
  Wireload mode:          enclosed
  Area mode:              timing library
============================================================

Timing
--------

Clock  Period 
--------------
clock 10000.0 


  Cost    Critical         Violating 
 Group   Path Slack  TNS     Paths   
-------------------------------------
clock        5217.9   0.0          0 
default    No paths   0.0            
-------------------------------------
Total                 0.0          0 

Instance Count
--------------
Leaf Instance Count             316 
Physical Instance count           0 
Sequential Instance Count        34 
Combinational Instance Count    282 
Hierarchical Instance Count       0 

Area
----
Cell Area                          692.892
Physical Cell Area                 0.000
Total Cell Area (Cell+Physical)    692.892
Net Area                           0.000
Total Area (Cell+Physical+Net)     692.892

Power
-----
Leakage Power                      10.122 nW
Dynamic Power                      17851.246 nW
Total Power                        17861.368 nW

Max Fanout                         34 (clk)
Min Fanout                         0 (phase_seg1_adj[0])
Average Fanout                     2.3
Terms to net ratio                 3.3066
Terms to instance ratio            3.7880
Runtime                            27.115515000000002 seconds
Elapsed Runtime                    28 seconds
Genus peak memory usage            1935.18 
Innovus peak memory usage          no_value 
Hostname                           saitama
