============================================================
  Generated by:           Genus(TM) Synthesis Solution 22.16-s078_1
  Generated on:           Mar 26 2026  06:28:05 pm
  Module:                 can_btu_top
  Operating conditions:   PVT_0P9V_125C (balanced_tree)
  Wireload mode:          enclosed
  Area mode:              timing library
============================================================

	Timing
	------

 Slack          Endpoint        Cost Group 
------------------------------------------------
+5218ps phase_seg1_adj_reg[2]/D clock      


	Area
	----

  Instance  Module  Cell Count  Cell Area  Net Area   Total Area   Wireload  
-----------------------------------------------------------------------------
can_btu_top                316    692.892     0.000      692.892 <none> (D)  
  (D) = wireload is default in technology library

	Design Rule Check
	-----------------

Max_transition design rule: no violations.

Max_capacitance design rule: no violations.



